<?xml version="1.0" encoding="UTF-8"?>
<!-- Generated by org.testng.reporters.JUnitReportReporter -->
<testsuite hostname="Indika" failures="0" tests="6" name="testRunner.testRunner" time="22.505" errors="0" timestamp="2025-10-03T09:05:40 IST" skipped="0">
  <testcase classname="testRunner.testRunner" name="runScenario" time="13.833"/>
  <testcase classname="testRunner.testRunner" name="runScenario" time="1.866"/>
  <testcase classname="testRunner.testRunner" name="runScenario" time="1.055"/>
  <testcase classname="testRunner.testRunner" name="runScenario" time="1.189"/>
  <testcase classname="testRunner.testRunner" name="runScenario" time="1.488"/>
  <testcase classname="testRunner.testRunner" name="runScenario" time="3.074"/>
</testsuite> <!-- testRunner.testRunner -->
